<?xml version="1.0" encoding="UTF-8"?>
<!-- Generated by org.testng.reporters.JUnitReportReporter -->
<testsuite hostname="DESKTOP-5EVK54D" failures="0" tests="2" name="reqandresponsespecbuilder.ReqAndResponseSpecBuilder" time="6.055" errors="0" timestamp="2023-06-30T07:21:11 IST" skipped="0">
  <testcase classname="reqandresponsespecbuilder.ReqAndResponseSpecBuilder" name="getPostManWorkspaces" time="4.537"/>
  <system-out/>
  <testcase classname="reqandresponsespecbuilder.ReqAndResponseSpecBuilder" name="getSpecificWorkspaceDetails" time="1.518"/>
  <system-out/>
</testsuite> <!-- reqandresponsespecbuilder.ReqAndResponseSpecBuilder -->
