<?xml version="1.0" encoding="UTF-8"?>
<!-- Generated by org.testng.reporters.JUnitReportReporter -->
<testsuite hostname="DESKTOP-5EVK54D" failures="0" tests="1" name="pathandqueryparam.PathParameters" time="4.811" errors="0" timestamp="2023-06-30T08:04:20 IST" skipped="0">
  <testcase classname="pathandqueryparam.PathParameters" name="getSinglePageUser" time="4.811"/>
  <system-out/>
</testsuite> <!-- pathandqueryparam.PathParameters -->
