<?xml version="1.0" encoding="UTF-8"?>
<!-- Generated by org.testng.reporters.JUnitReportReporter -->
<testsuite hostname="DESKTOP-5EVK54D" failures="0" tests="1" name="uploadanddownload.DownloadFile" time="5.665" errors="0" timestamp="2023-07-03T08:11:36 IST" skipped="0">
  <testcase classname="uploadanddownload.DownloadFile" name="getFileFromServer" time="5.665"/>
  <system-out/>
</testsuite> <!-- uploadanddownload.DownloadFile -->
