<?xml version="1.0" encoding="UTF-8"?>
<!-- Generated by org.testng.reporters.JUnitReportReporter -->
<testsuite hostname="DESKTOP-5EVK54D" failures="0" tests="1" name="reqandresponsespecbuilder.ReqResSpecBuilder" time="5.262" errors="0" timestamp="2023-06-28T08:03:30 IST" skipped="0">
  <testcase classname="reqandresponsespecbuilder.ReqResSpecBuilder" name="getPostManWorkspaces" time="5.262"/>
  <system-out/>
</testsuite> <!-- reqandresponsespecbuilder.ReqResSpecBuilder -->
