<?xml version="1.0" encoding="UTF-8"?>
<!-- Generated by org.testng.reporters.JUnitReportReporter -->
<testsuite hostname="DESKTOP-5EVK54D" failures="0" tests="1" name="fetchdata.DynamicDataExtraction" time="6.202" errors="0" timestamp="2023-06-27T07:25:31 IST" skipped="0">
  <testcase classname="fetchdata.DynamicDataExtraction" name="fetchDetailsFromJson" time="6.202"/>
  <system-out/>
</testsuite> <!-- fetchdata.DynamicDataExtraction -->
