<?xml version="1.0" encoding="UTF-8"?>
<!-- Generated by org.testng.reporters.JUnitReportReporter -->
<testsuite hostname="DESKTOP-5EVK54D" failures="0" tests="1" name="basicrequest.DELETE_WorkSpace" time="5.297" errors="0" timestamp="2023-06-24T07:19:19 IST" skipped="0">
  <testcase classname="basicrequest.DELETE_WorkSpace" name="deleteWorkspace" time="5.297"/>
  <system-out/>
</testsuite> <!-- basicrequest.DELETE_WorkSpace -->
