<?xml version="1.0" encoding="UTF-8"?>
<!-- Generated by org.testng.reporters.JUnitReportReporter -->
<testsuite hostname="DESKTOP-5EVK54D" failures="0" tests="1" name="reqandresponsespecbuilder.ReqAndResponseSpecBuilder" time="5.028" errors="0" timestamp="2023-06-28T08:24:57 IST" skipped="0">
  <testcase classname="reqandresponsespecbuilder.ReqAndResponseSpecBuilder" name="getPostManWorkspaces" time="5.028"/>
  <system-out/>
</testsuite> <!-- reqandresponsespecbuilder.ReqAndResponseSpecBuilder -->
