<?xml version="1.0" encoding="UTF-8"?>
<!-- Generated by org.testng.reporters.JUnitReportReporter -->
<testsuite hostname="DESKTOP-5EVK54D" failures="0" tests="1" name="pathandqueryparam.QueryParameter" time="4.432" errors="0" timestamp="2023-06-30T08:37:54 IST" skipped="0">
  <testcase classname="pathandqueryparam.QueryParameter" name="getAllUsers" time="4.432"/>
  <system-out/>
</testsuite> <!-- pathandqueryparam.QueryParameter -->
