<?xml version="1.0" encoding="UTF-8"?>
<!-- Generated by org.testng.reporters.JUnitReportReporter -->
<testsuite hostname="DESKTOP-5EVK54D" failures="0" tests="1" name="assertionsusage.ApplyAssertions" time="7.529" errors="0" timestamp="2023-06-27T08:33:26 IST" skipped="0">
  <testcase classname="assertionsusage.ApplyAssertions" name="getUserDetails" time="7.529"/>
  <system-out/>
</testsuite> <!-- assertionsusage.ApplyAssertions -->
