<?xml version="1.0" encoding="UTF-8"?>
<!-- Generated by org.testng.reporters.JUnitReportReporter -->
<testsuite hostname="DESKTOP-5EVK54D" failures="0" tests="1" name="basicrequest.GET_SingleUser" time="4.968" errors="0" timestamp="2023-06-24T08:14:00 IST" skipped="0">
  <testcase classname="basicrequest.GET_SingleUser" name="getSingleUser" time="4.968"/>
  <system-out/>
</testsuite> <!-- basicrequest.GET_SingleUser -->
