<?xml version="1.0" encoding="UTF-8"?>
<!-- Generated by org.testng.reporters.JUnitReportReporter -->
<testsuite hostname="DESKTOP-5EVK54D" failures="0" tests="1" name="com.spotify.tests.CreatePlaylist" time="4.523" errors="0" timestamp="2023-07-12T08:06:41 IST" skipped="0">
  <testcase classname="com.spotify.tests.CreatePlaylist" name="createPlayList" time="4.523"/>
  <system-out/>
</testsuite> <!-- com.spotify.tests.CreatePlaylist -->
