<?xml version="1.0" encoding="UTF-8"?>
<!-- Generated by org.testng.reporters.JUnitReportReporter -->
<testsuite hostname="DESKTOP-5EVK54D" failures="0" tests="1" name="com.spotify.tests.CreatePlayListWithReqAndResSpec" time="5.951" errors="0" timestamp="2023-07-13T07:50:06 IST" skipped="0">
  <testcase classname="com.spotify.tests.CreatePlayListWithReqAndResSpec" name="createPlayList" time="5.951"/>
  <system-out/>
</testsuite> <!-- com.spotify.tests.CreatePlayListWithReqAndResSpec -->
