<?xml version="1.0" encoding="UTF-8"?>
<!-- Generated by org.testng.reporters.JUnitReportReporter -->
<testsuite hostname="DESKTOP-5EVK54D" failures="0" tests="1" name="spotifyapi.GetAllPlayList" time="4.795" errors="0" timestamp="2023-07-11T08:08:34 IST" skipped="0">
  <testcase classname="spotifyapi.GetAllPlayList" name="getAllPlaylist" time="4.795"/>
  <system-out/>
</testsuite> <!-- spotifyapi.GetAllPlayList -->
