<?xml version="1.0" encoding="UTF-8"?>
<!-- Generated by org.testng.reporters.JUnitReportReporter -->
<testsuite hostname="DESKTOP-5EVK54D" failures="0" tests="1" name="sendingbodyasobject.POST_Mock" time="7.643" errors="0" timestamp="2023-07-01T08:03:51 IST" skipped="0">
  <testcase classname="sendingbodyasobject.POST_Mock" name="getRequest" time="7.643"/>
  <system-out/>
</testsuite> <!-- sendingbodyasobject.POST_Mock -->
