<?xml version="1.0" encoding="UTF-8"?>
<!-- Generated by org.testng.reporters.JUnitReportReporter -->
<testsuite hostname="DESKTOP-5EVK54D" failures="0" tests="1" name="spotifyapi.CreatePlaylist" time="5.389" errors="0" timestamp="2023-07-11T08:00:26 IST" skipped="0">
  <testcase classname="spotifyapi.CreatePlaylist" name="createPlayList" time="5.389"/>
  <system-out/>
</testsuite> <!-- spotifyapi.CreatePlaylist -->
