<?xml version="1.0" encoding="UTF-8"?>
<!-- Generated by org.testng.reporters.JUnitReportReporter -->
<testsuite hostname="DESKTOP-5EVK54D" failures="0" tests="1" name="authenticationschemes.CreateGitRepository" time="6.215" errors="0" timestamp="2023-07-07T07:16:13 IST" skipped="0">
  <testcase classname="authenticationschemes.CreateGitRepository" name="createRepo" time="6.215"/>
  <system-out/>
</testsuite> <!-- authenticationschemes.CreateGitRepository -->
