<?xml version="1.0" encoding="UTF-8"?>
<!-- Generated by org.testng.reporters.JUnitReportReporter -->
<testsuite hostname="DESKTOP-5EVK54D" failures="0" tests="1" name="basicrequest.PUT_UpdateWorkspaceDetails" time="5.075" errors="0" timestamp="2023-06-23T08:31:27 IST" skipped="0">
  <testcase classname="basicrequest.PUT_UpdateWorkspaceDetails" name="updateDetails" time="5.075"/>
  <system-out/>
</testsuite> <!-- basicrequest.PUT_UpdateWorkspaceDetails -->
