<?xml version="1.0" encoding="UTF-8"?>
<!-- Generated by org.testng.reporters.JUnitReportReporter -->
<testsuite hostname="DESKTOP-5EVK54D" failures="0" tests="1" name="serializationanddeserialization.Create_User" time="7.363" errors="0" timestamp="2023-07-04T07:53:49 IST" skipped="0">
  <testcase classname="serializationanddeserialization.Create_User" name="createAUser" time="7.363"/>
  <system-out/>
</testsuite> <!-- serializationanddeserialization.Create_User -->
