<?xml version="1.0" encoding="UTF-8"?>
<!-- Generated by org.testng.reporters.JUnitReportReporter -->
<testsuite hostname="DESKTOP-5EVK54D" failures="0" tests="1" name="serializationanddeserialization.GetUsers" time="5.302" errors="0" timestamp="2023-07-04T08:26:55 IST" skipped="0">
  <testcase classname="serializationanddeserialization.GetUsers" name="getAllUser" time="5.302"/>
  <system-out/>
</testsuite> <!-- serializationanddeserialization.GetUsers -->
