<?xml version="1.0" encoding="UTF-8"?>
<!-- Generated by org.testng.reporters.JUnitReportReporter -->
<testsuite hostname="DESKTOP-5EVK54D" failures="0" tests="2" name="spotifyapi.NegativeScenarios" time="3.146" errors="0" timestamp="2023-07-11T08:26:11 IST" skipped="1">
  <testcase classname="spotifyapi.NegativeScenarios" name="shouldNotBeAuthorized" time="3.146"/>
  <system-out/>
  <testcase classname="spotifyapi.NegativeScenarios" name="shouldNotBeAbleToCreatePlayList">
    <skipped/>
  </testcase> <!-- shouldNotBeAbleToCreatePlayList -->
  <system-out/>
</testsuite> <!-- spotifyapi.NegativeScenarios -->
