<?xml version="1.0" encoding="UTF-8"?>
<!-- Generated by org.testng.reporters.JUnitReportReporter -->
<testsuite hostname="DESKTOP-5EVK54D" failures="0" tests="1" name="spotifyapi.GetUserDetails" time="5.271" errors="0" timestamp="2023-07-11T07:38:35 IST" skipped="0">
  <testcase classname="spotifyapi.GetUserDetails" name="getUserDetails" time="5.271"/>
  <system-out/>
</testsuite> <!-- spotifyapi.GetUserDetails -->
