<?xml version="1.0" encoding="UTF-8"?>
<!-- Generated by org.testng.reporters.JUnitReportReporter -->
<testsuite hostname="DESKTOP-5EVK54D" failures="0" tests="2" name="com.spotify.tests.CreatePlaylist" time="5.870" errors="0" timestamp="2023-07-13T07:26:56 IST" skipped="0">
  <testcase classname="com.spotify.tests.CreatePlaylist" name="createPlayList" time="5.509"/>
  <system-out/>
  <testcase classname="com.spotify.tests.CreatePlaylist" name="getAPlayList" time="0.361"/>
  <system-out/>
</testsuite> <!-- com.spotify.tests.CreatePlaylist -->
