<?xml version="1.0" encoding="UTF-8"?>
<!-- Generated by org.testng.reporters.JUnitReportReporter -->
<testsuite hostname="DESKTOP-5EVK54D" failures="0" tests="1" name="basicrequest.FetchDataFromJson" time="5.939" errors="0" timestamp="2023-06-26T08:24:56 IST" skipped="0">
  <testcase classname="basicrequest.FetchDataFromJson" name="fetchDetailsFromJson" time="5.939"/>
  <system-out/>
</testsuite> <!-- basicrequest.FetchDataFromJson -->
