<?xml version="1.0" encoding="UTF-8"?>
<!-- Generated by org.testng.reporters.JUnitReportReporter -->
<testsuite hostname="DESKTOP-5EVK54D" failures="0" tests="1" name="basicrequest.CreateWorkspace" time="5.527" errors="0" timestamp="2023-06-23T08:27:35 IST" skipped="0">
  <testcase classname="basicrequest.CreateWorkspace" name="createWorkpace" time="5.527"/>
  <system-out/>
</testsuite> <!-- basicrequest.CreateWorkspace -->
