<?xml version="1.0" encoding="UTF-8"?>
<!-- Generated by org.testng.reporters.JUnitReportReporter -->
<testsuite hostname="DESKTOP-5EVK54D" failures="0" tests="2" name="com.spotify.tests.CreateAndGetPlayListUsingReusableCalls" time="5.895" errors="0" timestamp="2023-07-13T08:31:36 IST" skipped="0">
  <testcase classname="com.spotify.tests.CreateAndGetPlayListUsingReusableCalls" name="createPlayList" time="5.557"/>
  <system-out/>
  <testcase classname="com.spotify.tests.CreateAndGetPlayListUsingReusableCalls" name="getAPlayList" time="0.338"/>
  <system-out/>
</testsuite> <!-- com.spotify.tests.CreateAndGetPlayListUsingReusableCalls -->
