<?xml version="1.0" encoding="UTF-8"?>
<!-- Generated by org.testng.reporters.JUnitReportReporter -->
<testsuite hostname="DESKTOP-5EVK54D" failures="0" tests="1" name="sendingbodyasobject.POST_CreateWorkSpace" time="6.842" errors="0" timestamp="2023-06-30T08:29:27 IST" skipped="0">
  <testcase classname="sendingbodyasobject.POST_CreateWorkSpace" name="createWorkpace" time="6.842"/>
  <system-out/>
</testsuite> <!-- sendingbodyasobject.POST_CreateWorkSpace -->
