<?xml version="1.0" encoding="UTF-8"?>
<!-- Generated by org.testng.reporters.JUnitReportReporter -->
<testsuite hostname="DESKTOP-5EVK54D" failures="0" tests="1" name="authenticationschemes.BasicAuth" time="5.773" errors="0" timestamp="2023-07-06T07:54:23 IST" skipped="0">
  <testcase classname="authenticationschemes.BasicAuth" name="postmanEchoAuth" time="5.773"/>
  <system-out/>
</testsuite> <!-- authenticationschemes.BasicAuth -->
