<?xml version="1.0" encoding="UTF-8"?>
<!-- Generated by org.testng.reporters.JUnitReportReporter -->
<testsuite hostname="DESKTOP-5EVK54D" failures="0" tests="1" name="basicrequest.GET_WorkSpaceDetail" time="5.427" errors="0" timestamp="2023-06-23T08:14:49 IST" skipped="0">
  <testcase classname="basicrequest.GET_WorkSpaceDetail" name="getAWorkspace" time="5.427"/>
  <system-out/>
</testsuite> <!-- basicrequest.GET_WorkSpaceDetail -->
