<?xml version="1.0" encoding="UTF-8"?>
<!-- Generated by org.testng.reporters.JUnitReportReporter -->
<testsuite hostname="DESKTOP-5EVK54D" failures="0" tests="1" name="basicrequest.FetchDataFromComplexJson" time="5.893" errors="0" timestamp="2023-06-26T08:32:23 IST" skipped="0">
  <testcase classname="basicrequest.FetchDataFromComplexJson" name="fetchDetailsFromJson" time="5.893"/>
  <system-out/>
</testsuite> <!-- basicrequest.FetchDataFromComplexJson -->
