<?xml version="1.0" encoding="UTF-8"?>
<!-- Generated by org.testng.reporters.JUnitReportReporter -->
<testsuite hostname="DESKTOP-5EVK54D" failures="0" tests="1" name="basicrequest.HeadRequest" time="5.587" errors="0" timestamp="2023-06-24T07:48:26 IST" skipped="0">
  <testcase classname="basicrequest.HeadRequest" name="getHeadInformation" time="5.587"/>
  <system-out/>
</testsuite> <!-- basicrequest.HeadRequest -->
