<?xml version="1.0" encoding="UTF-8"?>
<!-- Generated by org.testng.reporters.JUnitReportReporter -->
<testsuite hostname="DESKTOP-5EVK54D" failures="0" tests="1" name="sendingbodyasobject.POST_ComplexJSON" time="5.713" errors="0" timestamp="2023-07-01T07:38:30 IST" skipped="0">
  <testcase classname="sendingbodyasobject.POST_ComplexJSON" name="getRequest" time="5.713"/>
  <system-out/>
</testsuite> <!-- sendingbodyasobject.POST_ComplexJSON -->
