<?xml version="1.0" encoding="UTF-8"?>
<!-- Generated by org.testng.reporters.JUnitReportReporter -->
<testsuite hostname="DESKTOP-5EVK54D" failures="0" tests="1" name="sendingbodyasobject.POST_ComplexJson" time="8.557" errors="0" timestamp="2023-07-03T07:51:42 IST" skipped="0">
  <testcase classname="sendingbodyasobject.POST_ComplexJson" name="createEntity" time="8.557"/>
  <system-out/>
</testsuite> <!-- sendingbodyasobject.POST_ComplexJson -->
