<?xml version="1.0" encoding="UTF-8"?>
<!-- Generated by org.testng.reporters.JUnitReportReporter -->
<testsuite hostname="DESKTOP-5EVK54D" failures="0" tests="1" name="basicrequest.GET_Workspaces" time="5.381" errors="0" timestamp="2023-06-23T07:41:49 IST" skipped="0">
  <testcase classname="basicrequest.GET_Workspaces" name="getPostManWorkspaces" time="5.381"/>
  <system-out/>
</testsuite> <!-- basicrequest.GET_Workspaces -->
