<?xml version="1.0" encoding="UTF-8"?>
<!-- Generated by org.testng.reporters.JUnitReportReporter -->
<testsuite hostname="DESKTOP-5EVK54D" failures="0" tests="2" name="basicrequest.CreateUser" time="8.629" errors="0" timestamp="2023-06-26T07:58:09 IST" skipped="0">
  <testcase classname="basicrequest.CreateUser" name="createAUser" time="7.462"/>
  <system-out/>
  <testcase classname="basicrequest.CreateUser" name="getUserDetails" time="1.167"/>
  <system-out/>
</testsuite> <!-- basicrequest.CreateUser -->
