<?xml version="1.0" encoding="UTF-8"?>
<!-- Generated by org.testng.reporters.JUnitReportReporter -->
<testsuite hostname="DESKTOP-5EVK54D" failures="0" tests="1" name="basicrequest.GET_Request" time="4.102" errors="0" timestamp="2023-06-22T08:32:44 IST" skipped="0">
  <testcase classname="basicrequest.GET_Request" name="getAllUser" time="4.102"/>
  <system-out/>
</testsuite> <!-- basicrequest.GET_Request -->
