<?xml version="1.0" encoding="UTF-8"?>
<!-- Generated by org.testng.reporters.JUnitReportReporter -->
<testsuite hostname="DESKTOP-5EVK54D" failures="0" tests="4" name="com.spotify.tests.CreateAndGetPlayListUsingReusableCalls" time="8.403" errors="0" timestamp="2023-07-14T08:11:58 IST" skipped="0">
  <testcase classname="com.spotify.tests.CreateAndGetPlayListUsingReusableCalls" name="createPlayList" time="6.994"/>
  <system-out/>
  <testcase classname="com.spotify.tests.CreateAndGetPlayListUsingReusableCalls" name="getAPlayList" time="0.608"/>
  <system-out/>
  <testcase classname="com.spotify.tests.CreateAndGetPlayListUsingReusableCalls" name="changeUserPlaylist" time="0.596"/>
  <system-out/>
  <testcase classname="com.spotify.tests.CreateAndGetPlayListUsingReusableCalls" name="shouldNotBeAbleToCreatePlaylist" time="0.205"/>
  <system-out/>
</testsuite> <!-- com.spotify.tests.CreateAndGetPlayListUsingReusableCalls -->
