<?xml version="1.0" encoding="UTF-8"?>
<!-- Generated by org.testng.reporters.JUnitReportReporter -->
<testsuite hostname="DESKTOP-5EVK54D" failures="0" tests="1" name="uploadanddownload.UploadFile" time="6.184" errors="0" timestamp="2023-07-01T08:33:36 IST" skipped="0">
  <testcase classname="uploadanddownload.UploadFile" name="getRequest" time="6.184"/>
  <system-out/>
</testsuite> <!-- uploadanddownload.UploadFile -->
