<?xml version="1.0" encoding="UTF-8"?>
<!-- Generated by org.testng.reporters.JUnitReportReporter -->
<testsuite hostname="DESKTOP-5EVK54D" failures="0" tests="1" name="authenticationschemes.BearerToken" time="5.001" errors="0" timestamp="2023-07-06T08:31:07 IST" skipped="0">
  <testcase classname="authenticationschemes.BearerToken" name="getAllRepository" time="5.001"/>
  <system-out/>
</testsuite> <!-- authenticationschemes.BearerToken -->
