<?xml version="1.0" encoding="UTF-8"?>
<!-- Generated by org.testng.reporters.JUnitReportReporter -->
<testsuite hostname="DESKTOP-5EVK54D" failures="0" tests="2" name="fetchdata.FetchValueOfCoursesAndPRice" time="3.829" errors="0" timestamp="2023-06-28T07:43:43 IST" skipped="0">
  <testcase classname="fetchdata.FetchValueOfCoursesAndPRice" name="getPriceAndValue" time="3.537"/>
  <system-out/>
  <testcase classname="fetchdata.FetchValueOfCoursesAndPRice" name="validateCoursePrice" time="0.292"/>
  <system-out/>
</testsuite> <!-- fetchdata.FetchValueOfCoursesAndPRice -->
